Arguments: 
  /usr/local/Cellar/node/17.2.0/bin/node /usr/local/Cellar/yarn/1.22.17/libexec/bin/yarn.js

PATH: 
  /usr/local/opt/php@7.3/sbin:/usr/local/opt/php@7.3/bin:/usr/local/opt/openssl@1.1/bin:/opt/local/bin:/opt/local/sbin:/usr/local/bin:/usr/local/sbin:/Library/Frameworks/Python.framework/Versions/3.7/bin:/usr/local/Cellar/rabbitmq/3.7.8/sbin:/Users/jamisonwight/.nvm/versions/node/v17.0.1/bin:/usr/local/bin:/usr/bin:/bin:/usr/sbin:/sbin:/usr/local/go/bin:/Library/Apple/usr/bin:/usr/local/opt/php@7.3/sbin:/usr/local/opt/php@7.3/bin:/usr/local/opt/openssl@1.1/bin:/opt/local/bin:/opt/local/sbin:/usr/local/sbin:/Library/Frameworks/Python.framework/Versions/3.7/bin:/usr/local/Cellar/rabbitmq/3.7.8/sbin:/Users/jamisonwight/.nvm/versions/node/v17.0.1/bin:/Users/jamisonwight/.composer/vendor/bin:/Users/jamisonwight/.composer/vendor/bin

Yarn version: 
  1.22.17

Node version: 
  17.2.0

Platform: 
  darwin x64

Trace: 
  SyntaxError: /Users/jamisonwight/Sites/cstreet/wp-content/themes/cstreet/package.json: Unexpected token } in JSON at position 854
      at JSON.parse (<anonymous>)
      at /usr/local/Cellar/yarn/1.22.17/libexec/lib/cli.js:1625:59
      at Generator.next (<anonymous>)
      at step (/usr/local/Cellar/yarn/1.22.17/libexec/lib/cli.js:310:30)
      at /usr/local/Cellar/yarn/1.22.17/libexec/lib/cli.js:321:13

npm manifest: 
  {
    "name": "Departika-Boilerplate",
    "version": "5.0.0",
    "description": "Departika boilerplate with Parcel JS",
    "license": "GPL-2.0 AND MIT",
    "devDependencies": {
      "@juggle/resize-observer": "^2.5.0",
      "@uupaa/dynamic-import-polyfill": "^1.0.2",
      "autoprefixer": "^9.5.0",
      "babel-core": "^6.26.3",
      "babel-polyfill": "^6.26.0",
      "babel-preset-env": "^1.7.0",
      "core-js": "^3.2.1",
      "deasync": "^0.1.28",
      "dynamic-import-polyfill": "^0.1.1",
      "node-sass": "^7.0.3",
      "objectFitPolyfill": "^2.3.0",
      "parcel-bundler": "^1.12.4",
      "parcel-plugin-css-url-loader": "^1.0.5",
      "parcel-plugin-goodie-bag": "^1.0.1",
      "parcel-plugin-inlinesvg": "^0.1.0",
      "parcel-plugin-purifycss": "^1.0.5",
      "parcel-plugin-url-loader": "^1.2.6",
      "parcel-plugin-watch-reload": "^0.0.2",
      "sass": "^1.25.0",
    },
    "scripts": {
      "watch": "parcel watch ./assets/scripts/js/main.js --public-url ./",
      "dev": "parcel ./assets/scripts/js/main.js",
      "build": "parcel build ./assets/scripts/js/main.js --public-url ./",
      "vipbuild": "parcel build ./assets/scripts/js/storeLocator.js --public-url ./ --out-dir ./assets/css/ --out-file store-finder.js",
      "vip": "parcel watch ./assets/scripts/js/storeLocator.js --public-url ./ --out-dir ./assets/css/ --out-file store-finder.js"
    },
    "jshintConfig": {
      "globals": {
        "jQuery": true
      }
    },
    "watchreload": {
      "files": "**/*.php"
    },
    "dependencies": {
      "@fancyapps/fancybox": "^3.3.5",
      "@fancyapps/ui": "^4.0.8",
      "@fortawesome/fontawesome": "^1.1.8",
      "@fortawesome/fontawesome-free": "^5.14.0",
      "bindings": "^1.5.0",
      "carousel-ticker": "^1.0.0",
      "countup.js": "^2.0.7",
      "custom-select": "^1.1.15",
      "foundation-sites": "^6.5.3",
      "gsap": "^3.6.1",
      "iframe-resizer": "^4.3.2",
      "jquery": "^3.3.1",
      "menuspy": "^1.3.0",
      "motion-ui": "^1.2.2",
      "node-gyp": "^8.4.1",
      "nodesass": "^0.0.2-security",
      "parcel": "^1.12.4",
      "scrollmagic": "^2.0.8",
      "scrollreveal": "^4.0.9"
    }
  }

yarn manifest: 
  No manifest

Lockfile: 
  No lockfile
